2024-12-14 18:06:40,411 -INFO - [31m[1mWARNING: This is a development server. Do not use it in a production deployment. Use a production WSGI server instead.[0m
 * Running on http://127.0.0.1:5000
2024-12-14 18:06:40,411 -INFO - [33mPress CTRL+C to quit[0m
2024-12-14 18:06:40,438 -INFO -  * Restarting with watchdog (inotify)
2024-12-14 18:06:41,139 -WARNING -  * Debugger is active!
2024-12-14 18:06:41,216 -INFO -  * Debugger PIN: 138-213-565
2024-12-14 18:06:59,818 -INFO - 127.0.0.1 - - [14/Dec/2024 18:06:59] "GET / HTTP/1.1" 200 -
2024-12-14 18:07:00,528 -INFO - 127.0.0.1 - - [14/Dec/2024 18:07:00] "[33mGET /favicon.ico HTTP/1.1[0m" 404 -
2024-12-14 18:07:07,991 -INFO - 127.0.0.1 - - [14/Dec/2024 18:07:07] "GET /predict HTTP/1.1" 200 -
2024-12-14 18:10:32,406 -INFO - 127.0.0.1 - - [14/Dec/2024 18:10:32] "GET /predict HTTP/1.1" 200 -
2024-12-14 18:14:18,257 -INFO - 127.0.0.1 - - [14/Dec/2024 18:14:18] "GET /predict HTTP/1.1" 200 -
2024-12-14 18:17:53,110 -INFO -  * Detected change in '/home/musoye/fraudana/app.py', reloading
2024-12-14 18:17:53,150 -INFO -  * Detected change in '/home/musoye/fraudana/app.py', reloading
2024-12-14 18:17:54,476 -INFO -  * Restarting with watchdog (inotify)
2024-12-14 18:17:55,598 -WARNING -  * Debugger is active!
2024-12-14 18:17:55,599 -INFO -  * Debugger PIN: 138-213-565
2024-12-14 18:18:14,087 -INFO -  * Detected change in '/home/musoye/fraudana/app.py', reloading
2024-12-14 18:18:14,088 -INFO -  * Detected change in '/home/musoye/fraudana/app.py', reloading
2024-12-14 18:18:14,106 -INFO -  * Detected change in '/home/musoye/fraudana/app.py', reloading
2024-12-14 18:18:14,146 -INFO -  * Detected change in '/home/musoye/fraudana/app.py', reloading
2024-12-14 18:18:15,486 -INFO -  * Restarting with watchdog (inotify)
2024-12-14 18:18:17,108 -WARNING -  * Debugger is active!
2024-12-14 18:18:17,109 -INFO -  * Debugger PIN: 138-213-565
2024-12-14 18:19:39,070 -INFO -  * Detected change in '/home/musoye/fraudana/app.py', reloading
2024-12-14 18:19:39,074 -INFO -  * Detected change in '/home/musoye/fraudana/app.py', reloading
2024-12-14 18:19:39,082 -INFO -  * Detected change in '/home/musoye/fraudana/app.py', reloading
2024-12-14 18:19:39,134 -INFO -  * Detected change in '/home/musoye/fraudana/app.py', reloading
2024-12-14 18:19:39,916 -INFO -  * Restarting with watchdog (inotify)
2024-12-14 18:19:42,885 -WARNING -  * Debugger is active!
2024-12-14 18:19:42,886 -INFO -  * Debugger PIN: 138-213-565
2024-12-14 18:21:05,688 -INFO -  * Detected change in '/home/musoye/.local/lib/python3.10/site-packages/flask/app.py', reloading
2024-12-14 18:21:05,696 -INFO -  * Detected change in '/home/musoye/fraudana/app.py', reloading
2024-12-14 18:21:05,709 -INFO -  * Detected change in '/home/musoye/.local/lib/python3.10/site-packages/werkzeug/datastructures/structures.py', reloading
2024-12-14 18:21:05,742 -INFO - 127.0.0.1 - - [14/Dec/2024 18:21:05] "[35m[1mPOST /predict HTTP/1.1[0m" 500 -
2024-12-14 18:21:05,853 -INFO - 127.0.0.1 - - [14/Dec/2024 18:21:05] "GET /predict?__debugger__=yes&cmd=resource&f=style.css HTTP/1.1" 200 -
2024-12-14 18:21:05,855 -INFO - 127.0.0.1 - - [14/Dec/2024 18:21:05] "GET /predict?__debugger__=yes&cmd=resource&f=debugger.js HTTP/1.1" 200 -
2024-12-14 18:21:05,962 -INFO - 127.0.0.1 - - [14/Dec/2024 18:21:05] "GET /predict?__debugger__=yes&cmd=resource&f=console.png HTTP/1.1" 200 -
2024-12-14 18:21:06,000 -INFO - 127.0.0.1 - - [14/Dec/2024 18:21:06] "[36mGET /predict?__debugger__=yes&cmd=resource&f=console.png HTTP/1.1[0m" 304 -
2024-12-14 18:21:06,948 -INFO -  * Restarting with watchdog (inotify)
2024-12-14 18:21:07,551 -WARNING -  * Debugger is active!
2024-12-14 18:21:07,551 -INFO -  * Debugger PIN: 138-213-565
2024-12-14 18:21:12,841 -INFO -  * Detected change in '/home/musoye/fraudana/app.py', reloading
2024-12-14 18:21:12,876 -INFO -  * Detected change in '/home/musoye/fraudana/app.py', reloading
2024-12-14 18:21:14,152 -INFO -  * Restarting with watchdog (inotify)
2024-12-14 18:21:14,963 -WARNING -  * Debugger is active!
2024-12-14 18:21:14,963 -INFO -  * Debugger PIN: 138-213-565
2024-12-14 18:21:24,985 -INFO -  * Detected change in '/home/musoye/fraudana/app.py', reloading
2024-12-14 18:21:24,988 -INFO -  * Detected change in '/home/musoye/fraudana/app.py', reloading
2024-12-14 18:21:24,997 -INFO -  * Detected change in '/home/musoye/fraudana/app.py', reloading
2024-12-14 18:21:25,090 -INFO -  * Detected change in '/home/musoye/fraudana/app.py', reloading
2024-12-14 18:21:25,196 -INFO -  * Detected change in '/home/musoye/fraudana/app.py', reloading
2024-12-14 18:21:25,217 -INFO -  * Detected change in '/home/musoye/fraudana/app.py', reloading
2024-12-14 18:21:26,021 -INFO -  * Restarting with watchdog (inotify)
2024-12-14 18:21:27,441 -WARNING -  * Debugger is active!
2024-12-14 18:21:27,442 -INFO -  * Debugger PIN: 138-213-565
2024-12-14 18:21:31,580 -INFO -  * Detected change in '/home/musoye/.local/lib/python3.10/site-packages/flask/app.py', reloading
2024-12-14 18:21:31,599 -INFO -  * Detected change in '/home/musoye/fraudana/app.py', reloading
2024-12-14 18:21:31,613 -INFO -  * Detected change in '/home/musoye/fraudana/load_model.py', reloading
2024-12-14 18:21:31,638 -INFO - 127.0.0.1 - - [14/Dec/2024 18:21:31] "[35m[1mPOST /predict HTTP/1.1[0m" 500 -
2024-12-14 18:21:31,796 -INFO - 127.0.0.1 - - [14/Dec/2024 18:21:31] "[36mGET /predict?__debugger__=yes&cmd=resource&f=style.css HTTP/1.1[0m" 304 -
2024-12-14 18:21:31,811 -INFO - 127.0.0.1 - - [14/Dec/2024 18:21:31] "[36mGET /predict?__debugger__=yes&cmd=resource&f=debugger.js HTTP/1.1[0m" 304 -
2024-12-14 18:21:31,853 -INFO - 127.0.0.1 - - [14/Dec/2024 18:21:31] "[36mGET /predict?__debugger__=yes&cmd=resource&f=console.png HTTP/1.1[0m" 304 -
2024-12-14 18:21:31,900 -INFO - 127.0.0.1 - - [14/Dec/2024 18:21:31] "[36mGET /predict?__debugger__=yes&cmd=resource&f=console.png HTTP/1.1[0m" 304 -
2024-12-14 18:21:32,818 -INFO -  * Restarting with watchdog (inotify)
2024-12-14 18:21:33,948 -WARNING -  * Debugger is active!
2024-12-14 18:21:33,948 -INFO -  * Debugger PIN: 138-213-565
2024-12-14 18:22:08,654 -INFO -  * Detected change in '/home/musoye/fraudana/load_model.py', reloading
2024-12-14 18:22:08,711 -INFO -  * Detected change in '/home/musoye/fraudana/load_model.py', reloading
2024-12-14 18:22:09,242 -INFO -  * Restarting with watchdog (inotify)
2024-12-14 18:22:10,168 -WARNING -  * Debugger is active!
2024-12-14 18:22:10,169 -INFO -  * Debugger PIN: 138-213-565
2024-12-14 18:22:24,909 -INFO -  * Detected change in '/home/musoye/fraudana/load_model.py', reloading
2024-12-14 18:22:24,915 -INFO -  * Detected change in '/home/musoye/fraudana/load_model.py', reloading
2024-12-14 18:22:24,960 -INFO -  * Detected change in '/home/musoye/fraudana/load_model.py', reloading
2024-12-14 18:22:25,366 -INFO -  * Restarting with watchdog (inotify)
2024-12-14 18:22:26,130 -WARNING -  * Debugger is active!
2024-12-14 18:22:26,130 -INFO -  * Debugger PIN: 138-213-565
2024-12-14 18:22:43,710 -INFO - [31m[1mWARNING: This is a development server. Do not use it in a production deployment. Use a production WSGI server instead.[0m
 * Running on http://127.0.0.1:5000
2024-12-14 18:22:43,711 -INFO - [33mPress CTRL+C to quit[0m
2024-12-14 18:22:43,718 -INFO -  * Restarting with watchdog (inotify)
2024-12-14 18:22:44,516 -WARNING -  * Debugger is active!
2024-12-14 18:22:44,517 -INFO -  * Debugger PIN: 138-213-565
2024-12-14 18:22:53,802 -INFO -  * Detected change in '/usr/lib/python3/dist-packages/scipy/__init__.py', reloading
2024-12-14 18:22:54,452 -INFO -  * Restarting with watchdog (inotify)
2024-12-14 18:22:55,559 -WARNING -  * Debugger is active!
2024-12-14 18:22:55,560 -INFO -  * Debugger PIN: 138-213-565
2024-12-14 18:23:03,220 -INFO - 127.0.0.1 - - [14/Dec/2024 18:23:03] "GET /predict HTTP/1.1" 200 -
2024-12-14 18:23:26,928 -INFO -  * Detected change in '/usr/lib/python3/dist-packages/scipy/__init__.py', reloading
2024-12-14 18:23:27,939 -INFO -  * Restarting with watchdog (inotify)
2024-12-14 18:23:28,641 -WARNING -  * Debugger is active!
2024-12-14 18:23:28,642 -INFO -  * Debugger PIN: 138-213-565
2024-12-14 18:23:30,024 -INFO -  * Detected change in '/usr/lib/python3/dist-packages/scipy/__init__.py', reloading
2024-12-14 18:23:31,126 -INFO -  * Restarting with watchdog (inotify)
2024-12-14 18:23:31,956 -WARNING -  * Debugger is active!
2024-12-14 18:23:31,956 -INFO -  * Debugger PIN: 138-213-565
2024-12-14 18:23:48,055 -INFO -  * Detected change in '/home/musoye/fraudana/app.py', reloading
2024-12-14 18:23:48,108 -INFO -  * Detected change in '/home/musoye/fraudana/app.py', reloading
2024-12-14 18:23:49,455 -INFO -  * Restarting with watchdog (inotify)
2024-12-14 18:23:50,377 -WARNING -  * Debugger is active!
2024-12-14 18:23:50,377 -INFO -  * Debugger PIN: 138-213-565
2024-12-14 18:24:12,710 -INFO -  * Detected change in '/home/musoye/fraudana/load_model.py', reloading
2024-12-14 18:24:12,723 -INFO -  * Detected change in '/home/musoye/fraudana/load_model.py', reloading
2024-12-14 18:24:13,787 -INFO -  * Restarting with watchdog (inotify)
2024-12-14 18:24:12,825 -WARNING -  * Debugger is active!
2024-12-14 18:24:12,826 -INFO -  * Debugger PIN: 138-213-565
2024-12-14 18:24:36,287 -INFO - [31m[1mWARNING: This is a development server. Do not use it in a production deployment. Use a production WSGI server instead.[0m
 * Running on http://127.0.0.1:5000
2024-12-14 18:24:36,287 -INFO - [33mPress CTRL+C to quit[0m
2024-12-14 18:24:36,293 -INFO -  * Restarting with watchdog (inotify)
2024-12-14 18:24:36,926 -WARNING -  * Debugger is active!
2024-12-14 18:24:36,926 -INFO -  * Debugger PIN: 138-213-565
2024-12-14 18:24:50,039 -INFO -  * Detected change in '/usr/lib/python3/dist-packages/scipy/__init__.py', reloading
2024-12-14 18:24:51,385 -INFO -  * Restarting with watchdog (inotify)
2024-12-14 18:24:51,979 -WARNING -  * Debugger is active!
2024-12-14 18:24:51,979 -INFO -  * Debugger PIN: 138-213-565
2024-12-14 18:24:53,345 -INFO -  * Detected change in '/usr/lib/python3/dist-packages/scipy/__init__.py', reloading
2024-12-14 18:24:54,711 -INFO -  * Restarting with watchdog (inotify)
2024-12-14 18:24:55,754 -WARNING -  * Debugger is active!
2024-12-14 18:24:55,755 -INFO -  * Debugger PIN: 138-213-565
2024-12-14 18:25:14,610 -INFO -  * Detected change in '/home/musoye/fraudana/app.py', reloading
2024-12-14 18:25:14,612 -INFO -  * Detected change in '/home/musoye/fraudana/app.py', reloading
2024-12-14 18:25:14,616 -INFO -  * Detected change in '/home/musoye/fraudana/app.py', reloading
2024-12-14 18:25:14,682 -INFO -  * Detected change in '/home/musoye/fraudana/app.py', reloading
2024-12-14 18:25:14,746 -INFO -  * Detected change in '/home/musoye/fraudana/app.py', reloading
2024-12-14 18:25:14,761 -INFO -  * Detected change in '/home/musoye/fraudana/app.py', reloading
2024-12-14 18:25:15,129 -INFO -  * Restarting with watchdog (inotify)
2024-12-14 18:25:15,967 -WARNING -  * Debugger is active!
2024-12-14 18:25:15,968 -INFO -  * Debugger PIN: 138-213-565
2024-12-14 18:25:19,929 -INFO - 127.0.0.1 - - [14/Dec/2024 18:25:19] "GET /predict HTTP/1.1" 200 -
2024-12-14 18:25:36,708 -INFO -  * Detected change in '/usr/lib/python3/dist-packages/scipy/__init__.py', reloading
2024-12-14 18:25:37,695 -INFO -  * Restarting with watchdog (inotify)
2024-12-14 18:25:38,475 -WARNING -  * Debugger is active!
2024-12-14 18:25:38,476 -INFO -  * Debugger PIN: 138-213-565
2024-12-14 18:25:39,842 -INFO -  * Detected change in '/usr/lib/python3/dist-packages/scipy/__init__.py', reloading
2024-12-14 18:25:41,175 -INFO -  * Restarting with watchdog (inotify)
2024-12-14 18:25:42,250 -WARNING -  * Debugger is active!
2024-12-14 18:25:42,251 -INFO -  * Debugger PIN: 138-213-565
2024-12-14 18:26:44,406 -INFO - 127.0.0.1 - - [14/Dec/2024 18:26:44] "GET /predict HTTP/1.1" 200 -
2024-12-14 18:29:45,157 -INFO - [31m[1mWARNING: This is a development server. Do not use it in a production deployment. Use a production WSGI server instead.[0m
 * Running on http://127.0.0.1:5000
2024-12-14 18:29:45,164 -INFO - [33mPress CTRL+C to quit[0m
2024-12-14 18:29:45,178 -INFO -  * Restarting with watchdog (inotify)
2024-12-14 18:29:45,841 -WARNING -  * Debugger is active!
2024-12-14 18:29:45,842 -INFO -  * Debugger PIN: 138-213-565
2024-12-14 18:29:46,981 -INFO - 127.0.0.1 - - [14/Dec/2024 18:29:46] "GET /predict HTTP/1.1" 200 -
2024-12-14 18:30:09,783 -INFO -  * Detected change in '/usr/lib/python3/dist-packages/scipy/__init__.py', reloading
2024-12-14 18:30:10,730 -INFO -  * Restarting with watchdog (inotify)
2024-12-14 18:30:11,682 -WARNING -  * Debugger is active!
2024-12-14 18:30:11,683 -INFO -  * Debugger PIN: 138-213-565
2024-12-14 18:30:13,740 -INFO -  * Detected change in '/usr/lib/python3/dist-packages/scipy/__init__.py', reloading
2024-12-14 18:30:15,048 -INFO -  * Restarting with watchdog (inotify)
2024-12-14 18:30:16,061 -WARNING -  * Debugger is active!
2024-12-14 18:30:16,062 -INFO -  * Debugger PIN: 138-213-565
2024-12-14 18:31:01,866 -INFO -  * Detected change in '/home/musoye/fraudana/app.py', reloading
2024-12-14 18:31:01,897 -INFO -  * Detected change in '/home/musoye/fraudana/app.py', reloading
2024-12-14 18:31:03,137 -INFO -  * Restarting with watchdog (inotify)
2024-12-14 18:31:03,901 -WARNING -  * Debugger is active!
2024-12-14 18:31:03,902 -INFO -  * Debugger PIN: 138-213-565
2024-12-14 18:31:30,479 -INFO -  * Detected change in '/home/musoye/fraudana/app.py', reloading
2024-12-14 18:31:30,482 -INFO -  * Detected change in '/home/musoye/fraudana/app.py', reloading
2024-12-14 18:31:30,500 -INFO -  * Detected change in '/home/musoye/fraudana/app.py', reloading
2024-12-14 18:31:30,868 -INFO -  * Restarting with watchdog (inotify)
2024-12-14 18:31:32,279 -WARNING -  * Debugger is active!
2024-12-14 18:31:32,280 -INFO -  * Debugger PIN: 138-213-565
2024-12-14 18:31:38,962 -INFO -  * Detected change in '/usr/lib/python3/dist-packages/scipy/__init__.py', reloading
2024-12-14 18:31:39,897 -INFO -  * Restarting with watchdog (inotify)
2024-12-14 18:31:40,804 -WARNING -  * Debugger is active!
2024-12-14 18:31:40,804 -INFO -  * Debugger PIN: 138-213-565
2024-12-14 18:32:33,919 -INFO -  * Detected change in '/home/musoye/fraudana/app.py', reloading
2024-12-14 18:32:33,924 -INFO -  * Detected change in '/home/musoye/fraudana/app.py', reloading
2024-12-14 18:32:33,931 -INFO -  * Detected change in '/home/musoye/fraudana/app.py', reloading
2024-12-14 18:32:33,956 -INFO -  * Detected change in '/home/musoye/fraudana/app.py', reloading
2024-12-14 18:32:34,934 -INFO -  * Restarting with watchdog (inotify)
2024-12-14 18:32:35,853 -WARNING -  * Debugger is active!
2024-12-14 18:32:35,853 -INFO -  * Debugger PIN: 138-213-565
2024-12-14 18:33:29,803 -INFO - [31m[1mWARNING: This is a development server. Do not use it in a production deployment. Use a production WSGI server instead.[0m
 * Running on http://127.0.0.1:5000
2024-12-14 18:33:29,803 -INFO - [33mPress CTRL+C to quit[0m
2024-12-14 18:33:29,810 -INFO -  * Restarting with watchdog (inotify)
2024-12-14 18:33:30,736 -WARNING -  * Debugger is active!
2024-12-14 18:33:30,737 -INFO -  * Debugger PIN: 138-213-565
2024-12-14 18:33:38,132 -INFO -  * Detected change in '/usr/lib/python3/dist-packages/scipy/__init__.py', reloading
2024-12-14 18:33:39,564 -INFO -  * Restarting with watchdog (inotify)
2024-12-14 18:33:40,797 -WARNING -  * Debugger is active!
2024-12-14 18:33:40,798 -INFO -  * Debugger PIN: 138-213-565
2024-12-14 18:33:50,694 -INFO - 127.0.0.1 - - [14/Dec/2024 18:33:50] "GET /predict HTTP/1.1" 200 -
2024-12-14 18:34:08,508 -INFO -  * Detected change in '/usr/lib/python3/dist-packages/scipy/__init__.py', reloading
2024-12-14 18:34:09,664 -INFO -  * Restarting with watchdog (inotify)
2024-12-14 18:34:10,863 -WARNING -  * Debugger is active!
2024-12-14 18:34:10,865 -INFO -  * Debugger PIN: 138-213-565
2024-12-14 18:34:12,337 -INFO -  * Detected change in '/usr/lib/python3/dist-packages/scipy/__init__.py', reloading
2024-12-14 18:34:13,541 -INFO -  * Restarting with watchdog (inotify)
2024-12-14 18:34:14,658 -WARNING -  * Debugger is active!
2024-12-14 18:34:14,660 -INFO -  * Debugger PIN: 138-213-565
2024-12-14 18:34:28,659 -INFO -  * Detected change in '/home/musoye/fraudana/app.py', reloading
2024-12-14 18:34:28,683 -INFO -  * Detected change in '/home/musoye/fraudana/app.py', reloading
2024-12-14 18:34:29,539 -INFO -  * Restarting with watchdog (inotify)
2024-12-14 18:34:30,559 -WARNING -  * Debugger is active!
2024-12-14 18:34:30,560 -INFO -  * Debugger PIN: 138-213-565
2024-12-14 18:35:05,494 -INFO -  * Detected change in '/home/musoye/fraudana/app.py', reloading
2024-12-14 18:35:05,496 -INFO -  * Detected change in '/home/musoye/fraudana/app.py', reloading
2024-12-14 18:35:05,499 -INFO -  * Detected change in '/home/musoye/fraudana/app.py', reloading
2024-12-14 18:35:05,532 -INFO -  * Detected change in '/home/musoye/fraudana/app.py', reloading
2024-12-14 18:35:05,680 -INFO -  * Detected change in '/home/musoye/fraudana/app.py', reloading
2024-12-14 18:35:05,756 -INFO -  * Detected change in '/home/musoye/fraudana/app.py', reloading
2024-12-14 18:35:06,100 -INFO -  * Restarting with watchdog (inotify)
2024-12-14 18:35:23,590 -INFO - [31m[1mWARNING: This is a development server. Do not use it in a production deployment. Use a production WSGI server instead.[0m
 * Running on http://127.0.0.1:5000
2024-12-14 18:35:23,590 -INFO - [33mPress CTRL+C to quit[0m
2024-12-14 18:35:23,601 -INFO -  * Restarting with watchdog (inotify)
2024-12-14 18:35:24,221 -WARNING -  * Debugger is active!
2024-12-14 18:35:24,222 -INFO -  * Debugger PIN: 138-213-565
2024-12-14 18:35:32,222 -INFO - 127.0.0.1 - - [14/Dec/2024 18:35:32] "GET /predict HTTP/1.1" 200 -
2024-12-14 18:35:47,032 -INFO -  * Detected change in '/usr/lib/python3/dist-packages/scipy/__init__.py', reloading
2024-12-14 18:35:47,420 -INFO -  * Restarting with watchdog (inotify)
2024-12-14 18:35:48,202 -WARNING -  * Debugger is active!
2024-12-14 18:35:48,203 -INFO -  * Debugger PIN: 138-213-565
2024-12-14 18:35:50,773 -INFO -  * Detected change in '/usr/lib/python3/dist-packages/scipy/__init__.py', reloading
2024-12-14 18:35:51,205 -INFO -  * Restarting with watchdog (inotify)
2024-12-14 18:35:52,269 -WARNING -  * Debugger is active!
2024-12-14 18:35:52,270 -INFO -  * Debugger PIN: 138-213-565
2024-12-14 18:36:29,025 -INFO -  * Detected change in '/home/musoye/fraudana/app.py', reloading
2024-12-14 18:36:29,062 -INFO -  * Detected change in '/home/musoye/fraudana/app.py', reloading
2024-12-14 18:36:29,491 -INFO -  * Restarting with watchdog (inotify)
2024-12-14 18:36:30,537 -WARNING -  * Debugger is active!
2024-12-14 18:36:30,538 -INFO -  * Debugger PIN: 138-213-565
2024-12-14 18:36:34,604 -INFO -  * Detected change in '/home/musoye/fraudana/load_model.py', reloading
2024-12-14 18:36:34,967 -INFO -  * Detected change in '/home/musoye/fraudana/load_model.py', reloading
2024-12-14 18:36:35,000 -INFO -  * Detected change in '/home/musoye/fraudana/load_model.py', reloading
2024-12-14 18:36:36,058 -INFO -  * Restarting with watchdog (inotify)
2024-12-14 18:36:37,364 -WARNING -  * Debugger is active!
2024-12-14 18:36:37,364 -INFO -  * Debugger PIN: 138-213-565
2024-12-14 18:36:46,063 -INFO -  * Detected change in '/home/musoye/fraudana/load_model.py', reloading
2024-12-14 18:36:46,101 -INFO -  * Detected change in '/home/musoye/fraudana/load_model.py', reloading
2024-12-14 18:36:46,891 -INFO -  * Restarting with watchdog (inotify)
2024-12-14 18:36:47,950 -WARNING -  * Debugger is active!
2024-12-14 18:36:47,950 -INFO -  * Debugger PIN: 138-213-565
2024-12-14 18:37:16,002 -INFO -  * Detected change in '/home/musoye/fraudana/load_model.py', reloading
2024-12-14 18:37:16,004 -INFO -  * Detected change in '/home/musoye/fraudana/load_model.py', reloading
2024-12-14 18:37:16,012 -INFO -  * Detected change in '/home/musoye/fraudana/load_model.py', reloading
2024-12-14 18:37:16,105 -INFO -  * Detected change in '/home/musoye/fraudana/load_model.py', reloading
2024-12-14 18:37:16,184 -INFO -  * Detected change in '/home/musoye/fraudana/load_model.py', reloading
2024-12-14 18:37:16,197 -INFO -  * Detected change in '/home/musoye/fraudana/load_model.py', reloading
2024-12-14 18:37:17,492 -INFO -  * Restarting with watchdog (inotify)
2024-12-14 18:37:18,295 -WARNING -  * Debugger is active!
2024-12-14 18:37:18,295 -INFO -  * Debugger PIN: 138-213-565
2024-12-14 18:37:20,725 -INFO - 127.0.0.1 - - [14/Dec/2024 18:37:20] "GET /predict HTTP/1.1" 200 -
2024-12-14 18:37:34,860 -INFO -  * Detected change in '/usr/lib/python3/dist-packages/scipy/__init__.py', reloading
2024-12-14 18:37:35,116 -INFO -  * Restarting with watchdog (inotify)
2024-12-14 18:37:35,906 -WARNING -  * Debugger is active!
2024-12-14 18:37:35,906 -INFO -  * Debugger PIN: 138-213-565
2024-12-14 18:37:37,525 -INFO -  * Detected change in '/usr/lib/python3/dist-packages/scipy/__init__.py', reloading
2024-12-14 18:37:38,719 -INFO -  * Restarting with watchdog (inotify)
2024-12-14 18:37:39,804 -WARNING -  * Debugger is active!
2024-12-14 18:37:39,805 -INFO -  * Debugger PIN: 138-213-565
2024-12-14 18:39:16,966 -INFO -  * Detected change in '/home/musoye/fraudana/load_model.py', reloading
2024-12-14 18:39:16,989 -INFO -  * Detected change in '/home/musoye/fraudana/load_model.py', reloading
2024-12-14 18:39:17,529 -INFO -  * Restarting with watchdog (inotify)
2024-12-14 18:39:18,334 -WARNING -  * Debugger is active!
2024-12-14 18:39:18,335 -INFO -  * Debugger PIN: 138-213-565
2024-12-14 18:40:15,740 -INFO -  * Detected change in '/home/musoye/fraudana/load_model.py', reloading
2024-12-14 18:40:15,744 -INFO -  * Detected change in '/home/musoye/fraudana/load_model.py', reloading
2024-12-14 18:40:15,750 -INFO -  * Detected change in '/home/musoye/fraudana/load_model.py', reloading
2024-12-14 18:40:15,801 -INFO -  * Detected change in '/home/musoye/fraudana/load_model.py', reloading
2024-12-14 18:40:15,922 -INFO -  * Detected change in '/home/musoye/fraudana/load_model.py', reloading
2024-12-14 18:40:15,937 -INFO -  * Detected change in '/home/musoye/fraudana/load_model.py', reloading
2024-12-14 18:40:16,911 -INFO -  * Restarting with watchdog (inotify)
2024-12-14 18:40:19,121 -WARNING -  * Debugger is active!
2024-12-14 18:40:19,122 -INFO -  * Debugger PIN: 138-213-565
2024-12-14 18:40:23,856 -INFO -  * Detected change in '/home/musoye/fraudana/load_model.py', reloading
2024-12-14 18:40:23,884 -INFO -  * Detected change in '/home/musoye/fraudana/load_model.py', reloading
2024-12-14 18:40:24,414 -INFO -  * Restarting with watchdog (inotify)
2024-12-14 18:40:25,724 -WARNING -  * Debugger is active!
2024-12-14 18:40:25,725 -INFO -  * Debugger PIN: 138-213-565
2024-12-14 18:41:12,794 -INFO -  * Detected change in '/home/musoye/fraudana/load_model.py', reloading
2024-12-14 18:41:12,796 -INFO -  * Detected change in '/home/musoye/fraudana/load_model.py', reloading
2024-12-14 18:41:12,802 -INFO -  * Detected change in '/home/musoye/fraudana/load_model.py', reloading
2024-12-14 18:41:13,001 -INFO -  * Detected change in '/home/musoye/fraudana/load_model.py', reloading
2024-12-14 18:41:13,059 -INFO -  * Detected change in '/home/musoye/fraudana/load_model.py', reloading
2024-12-14 18:41:13,077 -INFO -  * Detected change in '/home/musoye/fraudana/load_model.py', reloading
2024-12-14 18:57:20,395 -INFO - [31m[1mWARNING: This is a development server. Do not use it in a production deployment. Use a production WSGI server instead.[0m
 * Running on http://127.0.0.1:5000
2024-12-14 18:57:20,396 -INFO - [33mPress CTRL+C to quit[0m
2024-12-14 18:57:20,408 -INFO -  * Restarting with watchdog (inotify)
2024-12-14 18:57:21,137 -WARNING -  * Debugger is active!
2024-12-14 18:57:21,138 -INFO -  * Debugger PIN: 138-213-565
2024-12-14 18:57:42,365 -INFO -  * Detected change in '/usr/lib/python3/dist-packages/scipy/__init__.py', reloading
2024-12-14 18:57:43,770 -INFO -  * Restarting with watchdog (inotify)
2024-12-14 18:57:44,553 -WARNING -  * Debugger is active!
2024-12-14 18:57:44,554 -INFO -  * Debugger PIN: 138-213-565
2024-12-14 18:57:47,411 -INFO -  * Detected change in '/usr/lib/python3/dist-packages/scipy/__init__.py', reloading
2024-12-14 18:57:47,711 -INFO -  * Detected change in '/home/musoye/.local/lib/python3.10/site-packages/flask/app.py', reloading
2024-12-14 18:57:47,714 -INFO -  * Detected change in '/home/musoye/fraudana/app.py', reloading
2024-12-14 18:57:47,714 -INFO -  * Detected change in '/home/musoye/fraudana/load_model.py', reloading
2024-12-14 18:57:47,718 -INFO -  * Detected change in '/home/musoye/.local/lib/python3.10/site-packages/sklearn/ensemble/_forest.py', reloading
2024-12-14 18:57:47,720 -INFO -  * Detected change in '/home/musoye/.local/lib/python3.10/site-packages/sklearn/base.py', reloading
2024-12-14 18:57:47,726 -INFO -  * Detected change in '/home/musoye/.local/lib/python3.10/site-packages/sklearn/utils/validation.py', reloading
2024-12-14 18:57:47,734 -INFO - 127.0.0.1 - - [14/Dec/2024 18:57:47] "[35m[1mPOST /predict HTTP/1.1[0m" 500 -
2024-12-14 18:57:47,835 -INFO - 127.0.0.1 - - [14/Dec/2024 18:57:47] "[36mGET /predict?__debugger__=yes&cmd=resource&f=style.css HTTP/1.1[0m" 304 -
2024-12-14 18:57:47,840 -INFO - 127.0.0.1 - - [14/Dec/2024 18:57:47] "[36mGET /predict?__debugger__=yes&cmd=resource&f=debugger.js HTTP/1.1[0m" 304 -
2024-12-14 18:57:48,224 -INFO -  * Restarting with watchdog (inotify)
2024-12-14 18:57:48,983 -WARNING -  * Debugger is active!
2024-12-14 18:57:48,984 -INFO -  * Debugger PIN: 138-213-565
2024-12-14 18:57:49,939 -INFO - 127.0.0.1 - - [14/Dec/2024 18:57:49] "[36mGET /predict?__debugger__=yes&cmd=resource&f=console.png HTTP/1.1[0m" 304 -
2024-12-14 18:57:49,989 -INFO - 127.0.0.1 - - [14/Dec/2024 18:57:49] "[36mGET /predict?__debugger__=yes&cmd=resource&f=console.png HTTP/1.1[0m" 304 -
